<?xml version="1.0" encoding="UTF-8"?>
<!-- Generated by org.testng.reporters.JUnitReportReporter -->
<testsuite hostname="ArinaJoshi" failures="0" tests="1" name="one.day4" time="3.683" errors="0" timestamp="2023-11-08T13:10:53 CST" skipped="0">
  <testcase classname="one.day4" name="createUser" time="3.683"/>
</testsuite> <!-- one.day4 -->
