<?xml version="1.0" encoding="UTF-8"?>
<!-- Generated by org.testng.reporters.JUnitReportReporter -->
<testsuite hostname="ArinaJoshi" failures="0" tests="1" name="one.day5bCookies" time="2.568" errors="0" timestamp="2023-11-09T22:02:51 CST" skipped="0">
  <testcase classname="one.day5bCookies" name="testCookie" time="2.568"/>
</testsuite> <!-- one.day5bCookies -->
