<?xml version="1.0" encoding="UTF-8"?>
<!-- Generated by org.testng.reporters.JUnitReportReporter -->
<testsuite hostname="ArinaJoshi" failures="0" tests="1" name="one.APITest" time="2.745" errors="0" timestamp="2023-11-09T10:41:42 CST" skipped="0">
  <testcase classname="one.APITest" name="testPOSTRequest" time="2.745"/>
</testsuite> <!-- one.APITest -->
