<?xml version="1.0" encoding="UTF-8"?>
<!-- Generated by org.testng.reporters.JUnitReportReporter -->
<testsuite hostname="ArinaJoshi" failures="0" tests="1" name="one.day5PathAndQueryParameter" time="2.449" errors="0" timestamp="2023-11-13T00:09:14 CST" skipped="0">
  <testcase classname="one.day5PathAndQueryParameter" name="testPathAndQueryParameter" time="2.449"/>
</testsuite> <!-- one.day5PathAndQueryParameter -->
