<?xml version="1.0" encoding="UTF-8"?>
<!-- Generated by org.testng.reporters.JUnitReportReporter -->
<testsuite hostname="ArinaJoshi" failures="0" tests="1" name="one.day2APIChaining" time="5.118" errors="0" timestamp="2023-11-09T22:30:51 CST" skipped="0">
  <testcase classname="one.day2APIChaining" name="APIChain" time="5.118"/>
</testsuite> <!-- one.day2APIChaining -->
