<?xml version="1.0" encoding="UTF-8"?>
<!-- Generated by org.testng.reporters.JUnitReportReporter -->
<testsuite hostname="ArinaJoshi" failures="0" tests="4" name="one.day3" time="5.328" errors="0" timestamp="2023-11-08T13:18:44 CST" skipped="0">
  <testcase classname="one.day3" name="createUser" time="2.510"/>
  <testcase classname="one.day3" name="deleteUser" time="0.456"/>
  <testcase classname="one.day3" name="updateUser" time="1.211"/>
  <testcase classname="one.day3" name="listUsers" time="1.151"/>
</testsuite> <!-- one.day3 -->
