<?xml version="1.0" encoding="UTF-8"?>
<!-- Generated by org.testng.reporters.JUnitReportReporter -->
<testsuite hostname="ArinaJoshi" failures="0" tests="4" name="one.day1" time="4.997" errors="0" timestamp="2023-10-31T10:50:48 CDT" skipped="0">
  <testcase classname="one.day1" name="getUsers" time="0.244"/>
  <testcase classname="one.day1" name="updateUsers" time="0.423"/>
  <testcase classname="one.day1" name="deleteUsers" time="0.798"/>
  <testcase classname="one.day1" name="createUsers" time="3.532"/>
</testsuite> <!-- one.day1 -->
