<?xml version="1.0" encoding="UTF-8"?>
<!-- Generated by org.testng.reporters.JUnitReportReporter -->
<testsuite hostname="ArinaJoshi" failures="0" tests="4" name="one.APITestCases" time="7.452" errors="0" timestamp="2023-11-11T22:23:53 CST" skipped="0">
  <testcase classname="one.APITestCases" name="testGETRequest" time="2.832"/>
  <testcase classname="one.APITestCases" name="testPOSTRequest" time="2.311"/>
  <testcase classname="one.APITestCases" name="testPUTRequest" time="1.262"/>
  <testcase classname="one.APITestCases" name="testDELETERequest" time="1.047"/>
</testsuite> <!-- one.APITestCases -->
