<?xml version="1.0" encoding="UTF-8"?>
<!-- Generated by org.testng.reporters.JUnitReportReporter -->
<testsuite hostname="ArinaJoshi" failures="0" tests="4" name="one.day1" time="6.363" errors="0" timestamp="2023-11-03T00:16:50 CDT" skipped="0">
  <testcase classname="one.day1" name="updateUsers" time="0.445"/>
  <testcase classname="one.day1" name="deleteUsers" time="0.528"/>
  <testcase classname="one.day1" name="createUsers" time="5.094"/>
  <testcase classname="one.day1" name="getUsers" time="0.296"/>
</testsuite> <!-- one.day1 -->
