<?xml version="1.0" encoding="UTF-8"?>
<!-- Generated by org.testng.reporters.JUnitReportReporter -->
<testsuite hostname="ArinaJoshi" failures="0" tests="3" name="one.day7" time="3.075" errors="0" timestamp="2023-11-12T23:42:52 CST" skipped="0">
  <testcase classname="one.day7" name="TestCase" time="2.494"/>
  <testcase classname="one.day7" name="TestCase3" time="0.127"/>
  <testcase classname="one.day7" name="TestCase2" time="0.454"/>
</testsuite> <!-- one.day7 -->
