<?xml version="1.0" encoding="UTF-8"?>
<!-- Generated by org.testng.reporters.JUnitReportReporter -->
<testsuite hostname="ArinaJoshi" failures="0" tests="1" name="one.day2CW" time="3.730" errors="0" timestamp="2023-10-31T20:49:40 CDT" skipped="0">
  <testcase classname="one.day2CW" name="listUsers" time="3.730"/>
</testsuite> <!-- one.day2CW -->
