<?xml version="1.0" encoding="UTF-8"?>
<!-- Generated by org.testng.reporters.JUnitReportReporter -->
<testsuite hostname="ArinaJoshi" failures="0" tests="1" name="one.APITestcases2" time="6.387" errors="0" timestamp="2023-11-09T19:21:09 CST" skipped="0">
  <testcase classname="one.APITestcases2" name="testPOSTRequest" time="6.387"/>
</testsuite> <!-- one.APITestcases2 -->
